<?xml version="1.0" encoding="UTF-8"?>
<testng-results ignored="0" total="1" passed="1" failed="0" skipped="0">
  <reporter-output>
  </reporter-output>
  <suite started-at="2025-07-21T15:01:35 PDT" name="QA Portfolio Suite" finished-at="2025-07-21T15:01:38 PDT" duration-ms="2423">
    <groups>
    </groups>
    <test started-at="2025-07-21T15:01:35 PDT" name="Sample Test" finished-at="2025-07-21T15:01:38 PDT" duration-ms="2423">
      <class name="test">
        <test-method signature="test123()[pri:0, instance:test@1b7cc17c]" started-at="2025-07-21T15:01:35 PDT" name="test123" finished-at="2025-07-21T15:01:38 PDT" duration-ms="2404" status="PASS">
          <reporter-output>
          </reporter-output>
        </test-method> <!-- test123 -->
      </class> <!-- test -->
    </test> <!-- Sample Test -->
  </suite> <!-- QA Portfolio Suite -->
</testng-results>
